<?xml version="1.0" encoding="UTF-8"?>
<!-- Generated by org.testng.reporters.JUnitReportReporter -->
<testsuite skipped="0" hostname="Dell3" name="com.bus.booking.Tests.Test1" tests="1" failures="0" timestamp="22 Jun 2020 08:26:15 GMT" time="0.258" errors="1">
  <testcase name="bookAticket" time="0.258" classname="com.bus.booking.Tests.Test1">
    <error type="java.lang.StackOverflowError">
      <![CDATA[java.lang.StackOverflowError
	at com.bus.booking.TestBase.SearchResultPage.<init>(SearchResultPage.java:28)
	at com.bus.booking.TestBase.SearchResultPage.<init>(SearchResultPage.java:28)
	at com.bus.booking.TestBase.SearchResultPage.<init>(SearchResultPage.java:28)
	at com.bus.booking.TestBase.SearchResultPage.<init>(SearchResultPage.java:28)
	at com.bus.booking.TestBase.SearchResultPage.<init>(SearchResultPage.java:28)
	at com.bus.booking.TestBase.SearchResultPage.<init>(SearchResultPage.java:28)
	at com.bus.booking.TestBase.SearchResultPage.<init>(SearchResultPage.java:28)
	at com.bus.booking.TestBase.SearchResultPage.<init>(SearchResultPage.java:28)
	at com.bus.booking.TestBase.SearchResultPage.<init>(SearchResultPage.java:28)
	at com.bus.booking.TestBase.SearchResultPage.<init>(SearchResultPage.java:28)
	at com.bus.booking.TestBase.SearchResultPage.<init>(SearchResultPage.java:28)
	at com.bus.booking.TestBase.SearchResultPage.<init>(SearchResultPage.java:28)
	at com.bus.booking.TestBase.SearchResultPage.<init>(SearchResultPage.java:28)
	at com.bus.booking.TestBase.SearchResultPage.<init>(SearchResultPage.java:28)
	at com.bus.booking.TestBase.SearchResultPage.<init>(SearchResultPage.java:28)
	at com.bus.booking.TestBase.SearchResultPage.<init>(SearchResultPage.java:28)
	at com.bus.booking.TestBase.SearchResultPage.<init>(SearchResultPage.java:28)
	at com.bus.booking.TestBase.SearchResultPage.<init>(SearchResultPage.java:28)
	at com.bus.booking.TestBase.SearchResultPage.<init>(SearchResultPage.java:28)
	at com.bus.booking.TestBase.SearchResultPage.<init>(SearchResultPage.java:28)
	at com.bus.booking.TestBase.SearchResultPage.<init>(SearchResultPage.java:28)
	at com.bus.booking.TestBase.SearchResultPage.<init>(SearchResultPage.java:28)
	at com.bus.booking.TestBase.SearchResultPage.<init>(SearchResultPage.java:28)
	at com.bus.booking.TestBase.SearchResultPage.<init>(SearchResultPage.java:28)
	at com.bus.booking.TestBase.SearchResultPage.<init>(SearchResultPage.java:28)
	at com.bus.booking.TestBase.SearchResultPage.<init>(SearchResultPage.java:28)
	at com.bus.booking.TestBase.SearchResultPage.<init>(SearchResultPage.java:28)
	at com.bus.booking.TestBase.SearchResultPage.<init>(SearchResultPage.java:28)
	at com.bus.booking.TestBase.SearchResultPage.<init>(SearchResultPage.java:28)
	at com.bus.booking.TestBase.SearchResultPage.<init>(SearchResultPage.java:28)
	at com.bus.booking.TestBase.SearchResultPage.<init>(SearchResultPage.java:28)
	at com.bus.booking.TestBase.SearchResultPage.<init>(SearchResultPage.java:28)
	at com.bus.booking.TestBase.SearchResultPage.<init>(SearchResultPage.java:28)
	at com.bus.booking.TestBase.SearchResultPage.<init>(SearchResultPage.java:28)
	at com.bus.booking.TestBase.SearchResultPage.<init>(SearchResultPage.java:28)
	at com.bus.booking.TestBase.SearchResultPage.<init>(SearchResultPage.java:28)
	at com.bus.booking.TestBase.SearchResultPage.<init>(SearchResultPage.java:28)
	at com.bus.booking.TestBase.SearchResultPage.<init>(SearchResultPage.java:28)
	at com.bus.booking.TestBase.SearchResultPage.<init>(SearchResultPage.java:28)
	at com.bus.booking.TestBase.SearchResultPage.<init>(SearchResultPage.java:28)
	at com.bus.booking.TestBase.SearchResultPage.<init>(SearchResultPage.java:28)
	at com.bus.booking.TestBase.SearchResultPage.<init>(SearchResultPage.java:28)
	at com.bus.booking.TestBase.SearchResultPage.<init>(SearchResultPage.java:28)
	at com.bus.booking.TestBase.SearchResultPage.<init>(SearchResultPage.java:28)
	at com.bus.booking.TestBase.SearchResultPage.<init>(SearchResultPage.java:28)
	at com.bus.booking.TestBase.SearchResultPage.<init>(SearchResultPage.java:28)
	at com.bus.booking.TestBase.SearchResultPage.<init>(SearchResultPage.java:28)
	at com.bus.booking.TestBase.SearchResultPage.<init>(SearchResultPage.java:28)
	at com.bus.booking.TestBase.SearchResultPage.<init>(SearchResultPage.java:28)
	at com.bus.booking.TestBase.SearchResultPage.<init>(SearchResultPage.java:28)
	at com.bus.booking.TestBase.SearchResultPage.<init>(SearchResultPage.java:28)
	at com.bus.booking.TestBase.SearchResultPage.<init>(SearchResultPage.java:28)
	at com.bus.booking.TestBase.SearchResultPage.<init>(SearchResultPage.java:28)
	at com.bus.booking.TestBase.SearchResultPage.<init>(SearchResultPage.java:28)
	at com.bus.booking.TestBase.SearchResultPage.<init>(SearchResultPage.java:28)
	at com.bus.booking.TestBase.SearchResultPage.<init>(SearchResultPage.java:28)
	at com.bus.booking.TestBase.SearchResultPage.<init>(SearchResultPage.java:28)
	at com.bus.booking.TestBase.SearchResultPage.<init>(SearchResultPage.java:28)
	at com.bus.booking.TestBase.SearchResultPage.<init>(SearchResultPage.java:28)
	at com.bus.booking.TestBase.SearchResultPage.<init>(SearchResultPage.java:28)
	at com.bus.booking.TestBase.SearchResultPage.<init>(SearchResultPage.java:28)
	at com.bus.booking.TestBase.SearchResultPage.<init>(SearchResultPage.java:28)
	at com.bus.booking.TestBase.SearchResultPage.<init>(SearchResultPage.java:28)
	at com.bus.booking.TestBase.SearchResultPage.<init>(SearchResultPage.java:28)
	at com.bus.booking.TestBase.SearchResultPage.<init>(SearchResultPage.java:28)
	at com.bus.booking.TestBase.SearchResultPage.<init>(SearchResultPage.java:28)
	at com.bus.booking.TestBase.SearchResultPage.<init>(SearchResultPage.java:28)
	at com.bus.booking.TestBase.SearchResultPage.<init>(SearchResultPage.java:28)
	at com.bus.booking.TestBase.SearchResultPage.<init>(SearchResultPage.java:28)
	at com.bus.booking.TestBase.SearchResultPage.<init>(SearchResultPage.java:28)
	at com.bus.booking.TestBase.SearchResultPage.<init>(SearchResultPage.java:28)
	at com.bus.booking.TestBase.SearchResultPage.<init>(SearchResultPage.java:28)
	at com.bus.booking.TestBase.SearchResultPage.<init>(SearchResultPage.java:28)
	at com.bus.booking.TestBase.SearchResultPage.<init>(SearchResultPage.java:28)
	at com.bus.booking.TestBase.SearchResultPage.<init>(SearchResultPage.java:28)
	at com.bus.booking.TestBase.SearchResultPage.<init>(SearchResultPage.java:28)
	at com.bus.booking.TestBase.SearchResultPage.<init>(SearchResultPage.java:28)
	at com.bus.booking.TestBase.SearchResultPage.<init>(SearchResultPage.java:28)
	at com.bus.booking.TestBase.SearchResultPage.<init>(SearchResultPage.java:28)
	at com.bus.booking.TestBase.SearchResultPage.<init>(SearchResultPage.java:28)
	at com.bus.booking.TestBase.SearchResultPage.<init>(SearchResultPage.java:28)
	at com.bus.booking.TestBase.SearchResultPage.<init>(SearchResultPage.java:28)
	at com.bus.booking.TestBase.SearchResultPage.<init>(SearchResultPage.java:28)
	at com.bus.booking.TestBase.SearchResultPage.<init>(SearchResultPage.java:28)
	at com.bus.booking.TestBase.SearchResultPage.<init>(SearchResultPage.java:28)
	at com.bus.booking.TestBase.SearchResultPage.<init>(SearchResultPage.java:28)
	at com.bus.booking.TestBase.SearchResultPage.<init>(SearchResultPage.java:28)
	at com.bus.booking.TestBase.SearchResultPage.<init>(SearchResultPage.java:28)
	at com.bus.booking.TestBase.SearchResultPage.<init>(SearchResultPage.java:28)
	at com.bus.booking.TestBase.SearchResultPage.<init>(SearchResultPage.java:28)
	at com.bus.booking.TestBase.SearchResultPage.<init>(SearchResultPage.java:28)
	at com.bus.booking.TestBase.SearchResultPage.<init>(SearchResultPage.java:28)
	at com.bus.booking.TestBase.SearchResultPage.<init>(SearchResultPage.java:28)
	at com.bus.booking.TestBase.SearchResultPage.<init>(SearchResultPage.java:28)
	at com.bus.booking.TestBase.SearchResultPage.<init>(SearchResultPage.java:28)
	at com.bus.booking.TestBase.SearchResultPage.<init>(SearchResultPage.java:28)
	at com.bus.booking.TestBase.SearchResultPage.<init>(SearchResultPage.java:28)
	at com.bus.booking.TestBase.SearchResultPage.<init>(SearchResultPage.java:28)
	at com.bus.booking.TestBase.SearchResultPage.<init>(SearchResultPage.java:28)
	at com.bus.booking.TestBase.SearchResultPage.<init>(SearchResultPage.java:28)
	at com.bus.booking.TestBase.SearchResultPage.<init>(SearchResultPage.java:28)
	at com.bus.booking.TestBase.SearchResultPage.<init>(SearchResultPage.java:28)
	at com.bus.booking.TestBase.SearchResultPage.<init>(SearchResultPage.java:28)
	at com.bus.booking.TestBase.SearchResultPage.<init>(SearchResultPage.java:28)
	at com.bus.booking.TestBase.SearchResultPage.<init>(SearchResultPage.java:28)
	at com.bus.booking.TestBase.SearchResultPage.<init>(SearchResultPage.java:28)
	at com.bus.booking.TestBase.SearchResultPage.<init>(SearchResultPage.java:28)
	at com.bus.booking.TestBase.SearchResultPage.<init>(SearchResultPage.java:28)
	at com.bus.booking.TestBase.SearchResultPage.<init>(SearchResultPage.java:28)
	at com.bus.booking.TestBase.SearchResultPage.<init>(SearchResultPage.java:28)
	at com.bus.booking.TestBase.SearchResultPage.<init>(SearchResultPage.java:28)
	at com.bus.booking.TestBase.SearchResultPage.<init>(SearchResultPage.java:28)
	at com.bus.booking.TestBase.SearchResultPage.<init>(SearchResultPage.java:28)
	at com.bus.booking.TestBase.SearchResultPage.<init>(SearchResultPage.java:28)
	at com.bus.booking.TestBase.SearchResultPage.<init>(SearchResultPage.java:28)
	at com.bus.booking.TestBase.SearchResultPage.<init>(SearchResultPage.java:28)
	at com.bus.booking.TestBase.SearchResultPage.<init>(SearchResultPage.java:28)
	at com.bus.booking.TestBase.SearchResultPage.<init>(SearchResultPage.java:28)
	at com.bus.booking.TestBase.SearchResultPage.<init>(SearchResultPage.java:28)
	at com.bus.booking.TestBase.SearchResultPage.<init>(SearchResultPage.java:28)
	at com.bus.booking.TestBase.SearchResultPage.<init>(SearchResultPage.java:28)
	at com.bus.booking.TestBase.SearchResultPage.<init>(SearchResultPage.java:28)
	at com.bus.booking.TestBase.SearchResultPage.<init>(SearchResultPage.java:28)
	at com.bus.booking.TestBase.SearchResultPage.<init>(SearchResultPage.java:28)
	at com.bus.booking.TestBase.SearchResultPage.<init>(SearchResultPage.java:28)
	at com.bus.booking.TestBase.SearchResultPage.<init>(SearchResultPage.java:28)
	at com.bus.booking.TestBase.SearchResultPage.<init>(SearchResultPage.java:28)
	at com.bus.booking.TestBase.SearchResultPage.<init>(SearchResultPage.java:28)
	at com.bus.booking.TestBase.SearchResultPage.<init>(SearchResultPage.java:28)
	at com.bus.booking.TestBase.SearchResultPage.<init>(SearchResultPage.java:28)
	at com.bus.booking.TestBase.SearchResultPage.<init>(SearchResultPage.java:28)
	at com.bus.booking.TestBase.SearchResultPage.<init>(SearchResultPage.java:28)
	at com.bus.booking.TestBase.SearchResultPage.<init>(SearchResultPage.java:28)
	at com.bus.booking.TestBase.SearchResultPage.<init>(SearchResultPage.java:28)
	at com.bus.booking.TestBase.SearchResultPage.<init>(SearchResultPage.java:28)
	at com.bus.booking.TestBase.SearchResultPage.<init>(SearchResultPage.java:28)
	at com.bus.booking.TestBase.SearchResultPage.<init>(SearchResultPage.java:28)
	at com.bus.booking.TestBase.SearchResultPage.<init>(SearchResultPage.java:28)
	at com.bus.booking.TestBase.SearchResultPage.<init>(SearchResultPage.java:28)
	at com.bus.booking.TestBase.SearchResultPage.<init>(SearchResultPage.java:28)
	at com.bus.booking.TestBase.SearchResultPage.<init>(SearchResultPage.java:28)
	at com.bus.booking.TestBase.SearchResultPage.<init>(SearchResultPage.java:28)
	at com.bus.booking.TestBase.SearchResultPage.<init>(SearchResultPage.java:28)
	at com.bus.booking.TestBase.SearchResultPage.<init>(SearchResultPage.java:28)
	at com.bus.booking.TestBase.SearchResultPage.<init>(SearchResultPage.java:28)
	at com.bus.booking.TestBase.SearchResultPage.<init>(SearchResultPage.java:28)
	at com.bus.booking.TestBase.SearchResultPage.<init>(SearchResultPage.java:28)
	at com.bus.booking.TestBase.SearchResultPage.<init>(SearchResultPage.java:28)
	at com.bus.booking.TestBase.SearchResultPage.<init>(SearchResultPage.java:28)
	at com.bus.booking.TestBase.SearchResultPage.<init>(SearchResultPage.java:28)
	at com.bus.booking.TestBase.SearchResultPage.<init>(SearchResultPage.java:28)
	at com.bus.booking.TestBase.SearchResultPage.<init>(SearchResultPage.java:28)
	at com.bus.booking.TestBase.SearchResultPage.<init>(SearchResultPage.java:28)
	at com.bus.booking.TestBase.SearchResultPage.<init>(SearchResultPage.java:28)
	at com.bus.booking.TestBase.SearchResultPage.<init>(SearchResultPage.java:28)
	at com.bus.booking.TestBase.SearchResultPage.<init>(SearchResultPage.java:28)
	at com.bus.booking.TestBase.SearchResultPage.<init>(SearchResultPage.java:28)
	at com.bus.booking.TestBase.SearchResultPage.<init>(SearchResultPage.java:28)
	at com.bus.booking.TestBase.SearchResultPage.<init>(SearchResultPage.java:28)
	at com.bus.booking.TestBase.SearchResultPage.<init>(SearchResultPage.java:28)
	at com.bus.booking.TestBase.SearchResultPage.<init>(SearchResultPage.java:28)
	at com.bus.booking.TestBase.SearchResultPage.<init>(SearchResultPage.java:28)
	at com.bus.booking.TestBase.SearchResultPage.<init>(SearchResultPage.java:28)
	at com.bus.booking.TestBase.SearchResultPage.<init>(SearchResultPage.java:28)
	at com.bus.booking.TestBase.SearchResultPage.<init>(SearchResultPage.java:28)
	at com.bus.booking.TestBase.SearchResultPage.<init>(SearchResultPage.java:28)
	at com.bus.booking.TestBase.SearchResultPage.<init>(SearchResultPage.java:28)
	at com.bus.booking.TestBase.SearchResultPage.<init>(SearchResultPage.java:28)
	at com.bus.booking.TestBase.SearchResultPage.<init>(SearchResultPage.java:28)
	at com.bus.booking.TestBase.SearchResultPage.<init>(SearchResultPage.java:28)
	at com.bus.booking.TestBase.SearchResultPage.<init>(SearchResultPage.java:28)
	at com.bus.booking.TestBase.SearchResultPage.<init>(SearchResultPage.java:28)
	at com.bus.booking.TestBase.SearchResultPage.<init>(SearchResultPage.java:28)
	at com.bus.booking.TestBase.SearchResultPage.<init>(SearchResultPage.java:28)
	at com.bus.booking.TestBase.SearchResultPage.<init>(SearchResultPage.java:28)
	at com.bus.booking.TestBase.SearchResultPage.<init>(SearchResultPage.java:28)
	at com.bus.booking.TestBase.SearchResultPage.<init>(SearchResultPage.java:28)
	at com.bus.booking.TestBase.SearchResultPage.<init>(SearchResultPage.java:28)
	at com.bus.booking.TestBase.SearchResultPage.<init>(SearchResultPage.java:28)
	at com.bus.booking.TestBase.SearchResultPage.<init>(SearchResultPage.java:28)
	at com.bus.booking.TestBase.SearchResultPage.<init>(SearchResultPage.java:28)
	at com.bus.booking.TestBase.SearchResultPage.<init>(SearchResultPage.java:28)
	at com.bus.booking.TestBase.SearchResultPage.<init>(SearchResultPage.java:28)
	at com.bus.booking.TestBase.SearchResultPage.<init>(SearchResultPage.java:28)
	at com.bus.booking.TestBase.SearchResultPage.<init>(SearchResultPage.java:28)
	at com.bus.booking.TestBase.SearchResultPage.<init>(SearchResultPage.java:28)
	at com.bus.booking.TestBase.SearchResultPage.<init>(SearchResultPage.java:28)
	at com.bus.booking.TestBase.SearchResultPage.<init>(SearchResultPage.java:28)
	at com.bus.booking.TestBase.SearchResultPage.<init>(SearchResultPage.java:28)
	at com.bus.booking.TestBase.SearchResultPage.<init>(SearchResultPage.java:28)
	at com.bus.booking.TestBase.SearchResultPage.<init>(SearchResultPage.java:28)
	at com.bus.booking.TestBase.SearchResultPage.<init>(SearchResultPage.java:28)
	at com.bus.booking.TestBase.SearchResultPage.<init>(SearchResultPage.java:28)
	at com.bus.booking.TestBase.SearchResultPage.<init>(SearchResultPage.java:28)
	at com.bus.booking.TestBase.SearchResultPage.<init>(SearchResultPage.java:28)
	at com.bus.booking.TestBase.SearchResultPage.<init>(SearchResultPage.java:28)
	at com.bus.booking.TestBase.SearchResultPage.<init>(SearchResultPage.java:28)
	at com.bus.booking.TestBase.SearchResultPage.<init>(SearchResultPage.java:28)
	at com.bus.booking.TestBase.SearchResultPage.<init>(SearchResultPage.java:28)
	at com.bus.booking.TestBase.SearchResultPage.<init>(SearchResultPage.java:28)
	at com.bus.booking.TestBase.SearchResultPage.<init>(SearchResultPage.java:28)
	at com.bus.booking.TestBase.SearchResultPage.<init>(SearchResultPage.java:28)
	at com.bus.booking.TestBase.SearchResultPage.<init>(SearchResultPage.java:28)
	at com.bus.booking.TestBase.SearchResultPage.<init>(SearchResultPage.java:28)
	at com.bus.booking.TestBase.SearchResultPage.<init>(SearchResultPage.java:28)
	at com.bus.booking.TestBase.SearchResultPage.<init>(SearchResultPage.java:28)
	at com.bus.booking.TestBase.SearchResultPage.<init>(SearchResultPage.java:28)
	at com.bus.booking.TestBase.SearchResultPage.<init>(SearchResultPage.java:28)
	at com.bus.booking.TestBase.SearchResultPage.<init>(SearchResultPage.java:28)
	at com.bus.booking.TestBase.SearchResultPage.<init>(SearchResultPage.java:28)
	at com.bus.booking.TestBase.SearchResultPage.<init>(SearchResultPage.java:28)
	at com.bus.booking.TestBase.SearchResultPage.<init>(SearchResultPage.java:28)
	at com.bus.booking.TestBase.SearchResultPage.<init>(SearchResultPage.java:28)
	at com.bus.booking.TestBase.SearchResultPage.<init>(SearchResultPage.java:28)
	at com.bus.booking.TestBase.SearchResultPage.<init>(SearchResultPage.java:28)
	at com.bus.booking.TestBase.SearchResultPage.<init>(SearchResultPage.java:28)
	at com.bus.booking.TestBase.SearchResultPage.<init>(SearchResultPage.java:28)
	at com.bus.booking.TestBase.SearchResultPage.<init>(SearchResultPage.java:28)
	at com.bus.booking.TestBase.SearchResultPage.<init>(SearchResultPage.java:28)
	at com.bus.booking.TestBase.SearchResultPage.<init>(SearchResultPage.java:28)
	at com.bus.booking.TestBase.SearchResultPage.<init>(SearchResultPage.java:28)
	at com.bus.booking.TestBase.SearchResultPage.<init>(SearchResultPage.java:28)
	at com.bus.booking.TestBase.SearchResultPage.<init>(SearchResultPage.java:28)
	at com.bus.booking.TestBase.SearchResultPage.<init>(SearchResultPage.java:28)
	at com.bus.booking.TestBase.SearchResultPage.<init>(SearchResultPage.java:28)
	at com.bus.booking.TestBase.SearchResultPage.<init>(SearchResultPage.java:28)
	at com.bus.booking.TestBase.SearchResultPage.<init>(SearchResultPage.java:28)
	at com.bus.booking.TestBase.SearchResultPage.<init>(SearchResultPage.java:28)
	at com.bus.booking.TestBase.SearchResultPage.<init>(SearchResultPage.java:28)
	at com.bus.booking.TestBase.SearchResultPage.<init>(SearchResultPage.java:28)
	at com.bus.booking.TestBase.SearchResultPage.<init>(SearchResultPage.java:28)
	at com.bus.booking.TestBase.SearchResultPage.<init>(SearchResultPage.java:28)
	at com.bus.booking.TestBase.SearchResultPage.<init>(SearchResultPage.java:28)
	at com.bus.booking.TestBase.SearchResultPage.<init>(SearchResultPage.java:28)
	at com.bus.booking.TestBase.SearchResultPage.<init>(SearchResultPage.java:28)
	at com.bus.booking.TestBase.SearchResultPage.<init>(SearchResultPage.java:28)
	at com.bus.booking.TestBase.SearchResultPage.<init>(SearchResultPage.java:28)
	at com.bus.booking.TestBase.SearchResultPage.<init>(SearchResultPage.java:28)
	at com.bus.booking.TestBase.SearchResultPage.<init>(SearchResultPage.java:28)
	at com.bus.booking.TestBase.SearchResultPage.<init>(SearchResultPage.java:28)
	at com.bus.booking.TestBase.SearchResultPage.<init>(SearchResultPage.java:28)
	at com.bus.booking.TestBase.SearchResultPage.<init>(SearchResultPage.java:28)
	at com.bus.booking.TestBase.SearchResultPage.<init>(SearchResultPage.java:28)
	at com.bus.booking.TestBase.SearchResultPage.<init>(SearchResultPage.java:28)
	at com.bus.booking.TestBase.SearchResultPage.<init>(SearchResultPage.java:28)
	at com.bus.booking.TestBase.SearchResultPage.<init>(SearchResultPage.java:28)
	at com.bus.booking.TestBase.SearchResultPage.<init>(SearchResultPage.java:28)
	at com.bus.booking.TestBase.SearchResultPage.<init>(SearchResultPage.java:28)
	at com.bus.booking.TestBase.SearchResultPage.<init>(SearchResultPage.java:28)
	at com.bus.booking.TestBase.SearchResultPage.<init>(SearchResultPage.java:28)
	at com.bus.booking.TestBase.SearchResultPage.<init>(SearchResultPage.java:28)
	at com.bus.booking.TestBase.SearchResultPage.<init>(SearchResultPage.java:28)
	at com.bus.booking.TestBase.SearchResultPage.<init>(SearchResultPage.java:28)
	at com.bus.booking.TestBase.SearchResultPage.<init>(SearchResultPage.java:28)
	at com.bus.booking.TestBase.SearchResultPage.<init>(SearchResultPage.java:28)
	at com.bus.booking.TestBase.SearchResultPage.<init>(SearchResultPage.java:28)
	at com.bus.booking.TestBase.SearchResultPage.<init>(SearchResultPage.java:28)
	at com.bus.booking.TestBase.SearchResultPage.<init>(SearchResultPage.java:28)
	at com.bus.booking.TestBase.SearchResultPage.<init>(SearchResultPage.java:28)
	at com.bus.booking.TestBase.SearchResultPage.<init>(SearchResultPage.java:28)
	at com.bus.booking.TestBase.SearchResultPage.<init>(SearchResultPage.java:28)
	at com.bus.booking.TestBase.SearchResultPage.<init>(SearchResultPage.java:28)
	at com.bus.booking.TestBase.SearchResultPage.<init>(SearchResultPage.java:28)
	at com.bus.booking.TestBase.SearchResultPage.<init>(SearchResultPage.java:28)
	at com.bus.booking.TestBase.SearchResultPage.<init>(SearchResultPage.java:28)
	at com.bus.booking.TestBase.SearchResultPage.<init>(SearchResultPage.java:28)
	at com.bus.booking.TestBase.SearchResultPage.<init>(SearchResultPage.java:28)
	at com.bus.booking.TestBase.SearchResultPage.<init>(SearchResultPage.java:28)
	at com.bus.booking.TestBase.SearchResultPage.<init>(SearchResultPage.java:28)
	at com.bus.booking.TestBase.SearchResultPage.<init>(SearchResultPage.java:28)
	at com.bus.booking.TestBase.SearchResultPage.<init>(SearchResultPage.java:28)
	at com.bus.booking.TestBase.SearchResultPage.<init>(SearchResultPage.java:28)
	at com.bus.booking.TestBase.SearchResultPage.<init>(SearchResultPage.java:28)
	at com.bus.booking.TestBase.SearchResultPage.<init>(SearchResultPage.java:28)
	at com.bus.booking.TestBase.SearchResultPage.<init>(SearchResultPage.java:28)
	at com.bus.booking.TestBase.SearchResultPage.<init>(SearchResultPage.java:28)
	at com.bus.booking.TestBase.SearchResultPage.<init>(SearchResultPage.java:28)
	at com.bus.booking.TestBase.SearchResultPage.<init>(SearchResultPage.java:28)
	at com.bus.booking.TestBase.SearchResultPage.<init>(SearchResultPage.java:28)
	at com.bus.booking.TestBase.SearchResultPage.<init>(SearchResultPage.java:28)
	at com.bus.booking.TestBase.SearchResultPage.<init>(SearchResultPage.java:28)
	at com.bus.booking.TestBase.SearchResultPage.<init>(SearchResultPage.java:28)
	at com.bus.booking.TestBase.SearchResultPage.<init>(SearchResultPage.java:28)
	at com.bus.booking.TestBase.SearchResultPage.<init>(SearchResultPage.java:28)
	at com.bus.booking.TestBase.SearchResultPage.<init>(SearchResultPage.java:28)
	at com.bus.booking.TestBase.SearchResultPage.<init>(SearchResultPage.java:28)
	at com.bus.booking.TestBase.SearchResultPage.<init>(SearchResultPage.java:28)
	at com.bus.booking.TestBase.SearchResultPage.<init>(SearchResultPage.java:28)
	at com.bus.booking.TestBase.SearchResultPage.<init>(SearchResultPage.java:28)
	at com.bus.booking.TestBase.SearchResultPage.<init>(SearchResultPage.java:28)
	at com.bus.booking.TestBase.SearchResultPage.<init>(SearchResultPage.java:28)
	at com.bus.booking.TestBase.SearchResultPage.<init>(SearchResultPage.java:28)
	at com.bus.booking.TestBase.SearchResultPage.<init>(SearchResultPage.java:28)
	at com.bus.booking.TestBase.SearchResultPage.<init>(SearchResultPage.java:28)
	at com.bus.booking.TestBase.SearchResultPage.<init>(SearchResultPage.java:28)
	at com.bus.booking.TestBase.SearchResultPage.<init>(SearchResultPage.java:28)
	at com.bus.booking.TestBase.SearchResultPage.<init>(SearchResultPage.java:28)
	at com.bus.booking.TestBase.SearchResultPage.<init>(SearchResultPage.java:28)
	at com.bus.booking.TestBase.SearchResultPage.<init>(SearchResultPage.java:28)
	at com.bus.booking.TestBase.SearchResultPage.<init>(SearchResultPage.java:28)
	at com.bus.booking.TestBase.SearchResultPage.<init>(SearchResultPage.java:28)
	at com.bus.booking.TestBase.SearchResultPage.<init>(SearchResultPage.java:28)
	at com.bus.booking.TestBase.SearchResultPage.<init>(SearchResultPage.java:28)
	at com.bus.booking.TestBase.SearchResultPage.<init>(SearchResultPage.java:28)
	at com.bus.booking.TestBase.SearchResultPage.<init>(SearchResultPage.java:28)
	at com.bus.booking.TestBase.SearchResultPage.<init>(SearchResultPage.java:28)
	at com.bus.booking.TestBase.SearchResultPage.<init>(SearchResultPage.java:28)
	at com.bus.booking.TestBase.SearchResultPage.<init>(SearchResultPage.java:28)
	at com.bus.booking.TestBase.SearchResultPage.<init>(SearchResultPage.java:28)
	at com.bus.booking.TestBase.SearchResultPage.<init>(SearchResultPage.java:28)
	at com.bus.booking.TestBase.SearchResultPage.<init>(SearchResultPage.java:28)
	at com.bus.booking.TestBase.SearchResultPage.<init>(SearchResultPage.java:28)
	at com.bus.booking.TestBase.SearchResultPage.<init>(SearchResultPage.java:28)
	at com.bus.booking.TestBase.SearchResultPage.<init>(SearchResultPage.java:28)
	at com.bus.booking.TestBase.SearchResultPage.<init>(SearchResultPage.java:28)
	at com.bus.booking.TestBase.SearchResultPage.<init>(SearchResultPage.java:28)
	at com.bus.booking.TestBase.SearchResultPage.<init>(SearchResultPage.java:28)
	at com.bus.booking.TestBase.SearchResultPage.<init>(SearchResultPage.java:28)
	at com.bus.booking.TestBase.SearchResultPage.<init>(SearchResultPage.java:28)
	at com.bus.booking.TestBase.SearchResultPage.<init>(SearchResultPage.java:28)
	at com.bus.booking.TestBase.SearchResultPage.<init>(SearchResultPage.java:28)
	at com.bus.booking.TestBase.SearchResultPage.<init>(SearchResultPage.java:28)
	at com.bus.booking.TestBase.SearchResultPage.<init>(SearchResultPage.java:28)
	at com.bus.booking.TestBase.SearchResultPage.<init>(SearchResultPage.java:28)
	at com.bus.booking.TestBase.SearchResultPage.<init>(SearchResultPage.java:28)
	at com.bus.booking.TestBase.SearchResultPage.<init>(SearchResultPage.java:28)
	at com.bus.booking.TestBase.SearchResultPage.<init>(SearchResultPage.java:28)
	at com.bus.booking.TestBase.SearchResultPage.<init>(SearchResultPage.java:28)
	at com.bus.booking.TestBase.SearchResultPage.<init>(SearchResultPage.java:28)
	at com.bus.booking.TestBase.SearchResultPage.<init>(SearchResultPage.java:28)
	at com.bus.booking.TestBase.SearchResultPage.<init>(SearchResultPage.java:28)
	at com.bus.booking.TestBase.SearchResultPage.<init>(SearchResultPage.java:28)
	at com.bus.booking.TestBase.SearchResultPage.<init>(SearchResultPage.java:28)
	at com.bus.booking.TestBase.SearchResultPage.<init>(SearchResultPage.java:28)
	at com.bus.booking.TestBase.SearchResultPage.<init>(SearchResultPage.java:28)
	at com.bus.booking.TestBase.SearchResultPage.<init>(SearchResultPage.java:28)
	at com.bus.booking.TestBase.SearchResultPage.<init>(SearchResultPage.java:28)
	at com.bus.booking.TestBase.SearchResultPage.<init>(SearchResultPage.java:28)
	at com.bus.booking.TestBase.SearchResultPage.<init>(SearchResultPage.java:28)
	at com.bus.booking.TestBase.SearchResultPage.<init>(SearchResultPage.java:28)
	at com.bus.booking.TestBase.SearchResultPage.<init>(SearchResultPage.java:28)
	at com.bus.booking.TestBase.SearchResultPage.<init>(SearchResultPage.java:28)
	at com.bus.booking.TestBase.SearchResultPage.<init>(SearchResultPage.java:28)
	at com.bus.booking.TestBase.SearchResultPage.<init>(SearchResultPage.java:28)
	at com.bus.booking.TestBase.SearchResultPage.<init>(SearchResultPage.java:28)
	at com.bus.booking.TestBase.SearchResultPage.<init>(SearchResultPage.java:28)
	at com.bus.booking.TestBase.SearchResultPage.<init>(SearchResultPage.java:28)
	at com.bus.booking.TestBase.SearchResultPage.<init>(SearchResultPage.java:28)
	at com.bus.booking.TestBase.SearchResultPage.<init>(SearchResultPage.java:28)
	at com.bus.booking.TestBase.SearchResultPage.<init>(SearchResultPage.java:28)
	at com.bus.booking.TestBase.SearchResultPage.<init>(SearchResultPage.java:28)
	at com.bus.booking.TestBase.SearchResultPage.<init>(SearchResultPage.java:28)
	at com.bus.booking.TestBase.SearchResultPage.<init>(SearchResultPage.java:28)
	at com.bus.booking.TestBase.SearchResultPage.<init>(SearchResultPage.java:28)
	at com.bus.booking.TestBase.SearchResultPage.<init>(SearchResultPage.java:28)
	at com.bus.booking.TestBase.SearchResultPage.<init>(SearchResultPage.java:28)
	at com.bus.booking.TestBase.SearchResultPage.<init>(SearchResultPage.java:28)
	at com.bus.booking.TestBase.SearchResultPage.<init>(SearchResultPage.java:28)
	at com.bus.booking.TestBase.SearchResultPage.<init>(SearchResultPage.java:28)
	at com.bus.booking.TestBase.SearchResultPage.<init>(SearchResultPage.java:28)
	at com.bus.booking.TestBase.SearchResultPage.<init>(SearchResultPage.java:28)
	at com.bus.booking.TestBase.SearchResultPage.<init>(SearchResultPage.java:28)
	at com.bus.booking.TestBase.SearchResultPage.<init>(SearchResultPage.java:28)
	at com.bus.booking.TestBase.SearchResultPage.<init>(SearchResultPage.java:28)
	at com.bus.booking.TestBase.SearchResultPage.<init>(SearchResultPage.java:28)
	at com.bus.booking.TestBase.SearchResultPage.<init>(SearchResultPage.java:28)
	at com.bus.booking.TestBase.SearchResultPage.<init>(SearchResultPage.java:28)
	at com.bus.booking.TestBase.SearchResultPage.<init>(SearchResultPage.java:28)
	at com.bus.booking.TestBase.SearchResultPage.<init>(SearchResultPage.java:28)
	at com.bus.booking.TestBase.SearchResultPage.<init>(SearchResultPage.java:28)
	at com.bus.booking.TestBase.SearchResultPage.<init>(SearchResultPage.java:28)
	at com.bus.booking.TestBase.SearchResultPage.<init>(SearchResultPage.java:28)
	at com.bus.booking.TestBase.SearchResultPage.<init>(SearchResultPage.java:28)
	at com.bus.booking.TestBase.SearchResultPage.<init>(SearchResultPage.java:28)
	at com.bus.booking.TestBase.SearchResultPage.<init>(SearchResultPage.java:28)
	at com.bus.booking.TestBase.SearchResultPage.<init>(SearchResultPage.java:28)
	at com.bus.booking.TestBase.SearchResultPage.<init>(SearchResultPage.java:28)
	at com.bus.booking.TestBase.SearchResultPage.<init>(SearchResultPage.java:28)
	at com.bus.booking.TestBase.SearchResultPage.<init>(SearchResultPage.java:28)
	at com.bus.booking.TestBase.SearchResultPage.<init>(SearchResultPage.java:28)
	at com.bus.booking.TestBase.SearchResultPage.<init>(SearchResultPage.java:28)
	at com.bus.booking.TestBase.SearchResultPage.<init>(SearchResultPage.java:28)
	at com.bus.booking.TestBase.SearchResultPage.<init>(SearchResultPage.java:28)
	at com.bus.booking.TestBase.SearchResultPage.<init>(SearchResultPage.java:28)
	at com.bus.booking.TestBase.SearchResultPage.<init>(SearchResultPage.java:28)
	at com.bus.booking.TestBase.SearchResultPage.<init>(SearchResultPage.java:28)
	at com.bus.booking.TestBase.SearchResultPage.<init>(SearchResultPage.java:28)
	at com.bus.booking.TestBase.SearchResultPage.<init>(SearchResultPage.java:28)
	at com.bus.booking.TestBase.SearchResultPage.<init>(SearchResultPage.java:28)
	at com.bus.booking.TestBase.SearchResultPage.<init>(SearchResultPage.java:28)
	at com.bus.booking.TestBase.SearchResultPage.<init>(SearchResultPage.java:28)
	at com.bus.booking.TestBase.SearchResultPage.<init>(SearchResultPage.java:28)
	at com.bus.booking.TestBase.SearchResultPage.<init>(SearchResultPage.java:28)
	at com.bus.booking.TestBase.SearchResultPage.<init>(SearchResultPage.java:28)
	at com.bus.booking.TestBase.SearchResultPage.<init>(SearchResultPage.java:28)
	at com.bus.booking.TestBase.SearchResultPage.<init>(SearchResultPage.java:28)
	at com.bus.booking.TestBase.SearchResultPage.<init>(SearchResultPage.java:28)
	at com.bus.booking.TestBase.SearchResultPage.<init>(SearchResultPage.java:28)
	at com.bus.booking.TestBase.SearchResultPage.<init>(SearchResultPage.java:28)
	at com.bus.booking.TestBase.SearchResultPage.<init>(SearchResultPage.java:28)
	at com.bus.booking.TestBase.SearchResultPage.<init>(SearchResultPage.java:28)
	at com.bus.booking.TestBase.SearchResultPage.<init>(SearchResultPage.java:28)
	at com.bus.booking.TestBase.SearchResultPage.<init>(SearchResultPage.java:28)
	at com.bus.booking.TestBase.SearchResultPage.<init>(SearchResultPage.java:28)
	at com.bus.booking.TestBase.SearchResultPage.<init>(SearchResultPage.java:28)
	at com.bus.booking.TestBase.SearchResultPage.<init>(SearchResultPage.java:28)
	at com.bus.booking.TestBase.SearchResultPage.<init>(SearchResultPage.java:28)
	at com.bus.booking.TestBase.SearchResultPage.<init>(SearchResultPage.java:28)
	at com.bus.booking.TestBase.SearchResultPage.<init>(SearchResultPage.java:28)
	at com.bus.booking.TestBase.SearchResultPage.<init>(SearchResultPage.java:28)
	at com.bus.booking.TestBase.SearchResultPage.<init>(SearchResultPage.java:28)
	at com.bus.booking.TestBase.SearchResultPage.<init>(SearchResultPage.java:28)
	at com.bus.booking.TestBase.SearchResultPage.<init>(SearchResultPage.java:28)
	at com.bus.booking.TestBase.SearchResultPage.<init>(SearchResultPage.java:28)
	at com.bus.booking.TestBase.SearchResultPage.<init>(SearchResultPage.java:28)
	at com.bus.booking.TestBase.SearchResultPage.<init>(SearchResultPage.java:28)
	at com.bus.booking.TestBase.SearchResultPage.<init>(SearchResultPage.java:28)
	at com.bus.booking.TestBase.SearchResultPage.<init>(SearchResultPage.java:28)
	at com.bus.booking.TestBase.SearchResultPage.<init>(SearchResultPage.java:28)
	at com.bus.booking.TestBase.SearchResultPage.<init>(SearchResultPage.java:28)
	at com.bus.booking.TestBase.SearchResultPage.<init>(SearchResultPage.java:28)
	at com.bus.booking.TestBase.SearchResultPage.<init>(SearchResultPage.java:28)
	at com.bus.booking.TestBase.SearchResultPage.<init>(SearchResultPage.java:28)
	at com.bus.booking.TestBase.SearchResultPage.<init>(SearchResultPage.java:28)
	at com.bus.booking.TestBase.SearchResultPage.<init>(SearchResultPage.java:28)
	at com.bus.booking.TestBase.SearchResultPage.<init>(SearchResultPage.java:28)
	at com.bus.booking.TestBase.SearchResultPage.<init>(SearchResultPage.java:28)
	at com.bus.booking.TestBase.SearchResultPage.<init>(SearchResultPage.java:28)
	at com.bus.booking.TestBase.SearchResultPage.<init>(SearchResultPage.java:28)
	at com.bus.booking.TestBase.SearchResultPage.<init>(SearchResultPage.java:28)
	at com.bus.booking.TestBase.SearchResultPage.<init>(SearchResultPage.java:28)
	at com.bus.booking.TestBase.SearchResultPage.<init>(SearchResultPage.java:28)
	at com.bus.booking.TestBase.SearchResultPage.<init>(SearchResultPage.java:28)
	at com.bus.booking.TestBase.SearchResultPage.<init>(SearchResultPage.java:28)
	at com.bus.booking.TestBase.SearchResultPage.<init>(SearchResultPage.java:28)
	at com.bus.booking.TestBase.SearchResultPage.<init>(SearchResultPage.java:28)
	at com.bus.booking.TestBase.SearchResultPage.<init>(SearchResultPage.java:28)
	at com.bus.booking.TestBase.SearchResultPage.<init>(SearchResultPage.java:28)
	at com.bus.booking.TestBase.SearchResultPage.<init>(SearchResultPage.java:28)
	at com.bus.booking.TestBase.SearchResultPage.<init>(SearchResultPage.java:28)
	at com.bus.booking.TestBase.SearchResultPage.<init>(SearchResultPage.java:28)
	at com.bus.booking.TestBase.SearchResultPage.<init>(SearchResultPage.java:28)
	at com.bus.booking.TestBase.SearchResultPage.<init>(SearchResultPage.java:28)
	at com.bus.booking.TestBase.SearchResultPage.<init>(SearchResultPage.java:28)
	at com.bus.booking.TestBase.SearchResultPage.<init>(SearchResultPage.java:28)
	at com.bus.booking.TestBase.SearchResultPage.<init>(SearchResultPage.java:28)
	at com.bus.booking.TestBase.SearchResultPage.<init>(SearchResultPage.java:28)
	at com.bus.booking.TestBase.SearchResultPage.<init>(SearchResultPage.java:28)
	at com.bus.booking.TestBase.SearchResultPage.<init>(SearchResultPage.java:28)
	at com.bus.booking.TestBase.SearchResultPage.<init>(SearchResultPage.java:28)
	at com.bus.booking.TestBase.SearchResultPage.<init>(SearchResultPage.java:28)
	at com.bus.booking.TestBase.SearchResultPage.<init>(SearchResultPage.java:28)
	at com.bus.booking.TestBase.SearchResultPage.<init>(SearchResultPage.java:28)
	at com.bus.booking.TestBase.SearchResultPage.<init>(SearchResultPage.java:28)
	at com.bus.booking.TestBase.SearchResultPage.<init>(SearchResultPage.java:28)
	at com.bus.booking.TestBase.SearchResultPage.<init>(SearchResultPage.java:28)
	at com.bus.booking.TestBase.SearchResultPage.<init>(SearchResultPage.java:28)
	at com.bus.booking.TestBase.SearchResultPage.<init>(SearchResultPage.java:28)
	at com.bus.booking.TestBase.SearchResultPage.<init>(SearchResultPage.java:28)
	at com.bus.booking.TestBase.SearchResultPage.<init>(SearchResultPage.java:28)
	at com.bus.booking.TestBase.SearchResultPage.<init>(SearchResultPage.java:28)
	at com.bus.booking.TestBase.SearchResultPage.<init>(SearchResultPage.java:28)
	at com.bus.booking.TestBase.SearchResultPage.<init>(SearchResultPage.java:28)
	at com.bus.booking.TestBase.SearchResultPage.<init>(SearchResultPage.java:28)
	at com.bus.booking.TestBase.SearchResultPage.<init>(SearchResultPage.java:28)
	at com.bus.booking.TestBase.SearchResultPage.<init>(SearchResultPage.java:28)
	at com.bus.booking.TestBase.SearchResultPage.<init>(SearchResultPage.java:28)
	at com.bus.booking.TestBase.SearchResultPage.<init>(SearchResultPage.java:28)
	at com.bus.booking.TestBase.SearchResultPage.<init>(SearchResultPage.java:28)
	at com.bus.booking.TestBase.SearchResultPage.<init>(SearchResultPage.java:28)
	at com.bus.booking.TestBase.SearchResultPage.<init>(SearchResultPage.java:28)
	at com.bus.booking.TestBase.SearchResultPage.<init>(SearchResultPage.java:28)
	at com.bus.booking.TestBase.SearchResultPage.<init>(SearchResultPage.java:28)
	at com.bus.booking.TestBase.SearchResultPage.<init>(SearchResultPage.java:28)
	at com.bus.booking.TestBase.SearchResultPage.<init>(SearchResultPage.java:28)
	at com.bus.booking.TestBase.SearchResultPage.<init>(SearchResultPage.java:28)
	at com.bus.booking.TestBase.SearchResultPage.<init>(SearchResultPage.java:28)
	at com.bus.booking.TestBase.SearchResultPage.<init>(SearchResultPage.java:28)
	at com.bus.booking.TestBase.SearchResultPage.<init>(SearchResultPage.java:28)
	at com.bus.booking.TestBase.SearchResultPage.<init>(SearchResultPage.java:28)
	at com.bus.booking.TestBase.SearchResultPage.<init>(SearchResultPage.java:28)
	at com.bus.booking.TestBase.SearchResultPage.<init>(SearchResultPage.java:28)
	at com.bus.booking.TestBase.SearchResultPage.<init>(SearchResultPage.java:28)
	at com.bus.booking.TestBase.SearchResultPage.<init>(SearchResultPage.java:28)
	at com.bus.booking.TestBase.SearchResultPage.<init>(SearchResultPage.java:28)
	at com.bus.booking.TestBase.SearchResultPage.<init>(SearchResultPage.java:28)
	at com.bus.booking.TestBase.SearchResultPage.<init>(SearchResultPage.java:28)
	at com.bus.booking.TestBase.SearchResultPage.<init>(SearchResultPage.java:28)
	at com.bus.booking.TestBase.SearchResultPage.<init>(SearchResultPage.java:28)
	at com.bus.booking.TestBase.SearchResultPage.<init>(SearchResultPage.java:28)
	at com.bus.booking.TestBase.SearchResultPage.<init>(SearchResultPage.java:28)
	at com.bus.booking.TestBase.SearchResultPage.<init>(SearchResultPage.java:28)
	at com.bus.booking.TestBase.SearchResultPage.<init>(SearchResultPage.java:28)
	at com.bus.booking.TestBase.SearchResultPage.<init>(SearchResultPage.java:28)
	at com.bus.booking.TestBase.SearchResultPage.<init>(SearchResultPage.java:28)
	at com.bus.booking.TestBase.SearchResultPage.<init>(SearchResultPage.java:28)
	at com.bus.booking.TestBase.SearchResultPage.<init>(SearchResultPage.java:28)
	at com.bus.booking.TestBase.SearchResultPage.<init>(SearchResultPage.java:28)
	at com.bus.booking.TestBase.SearchResultPage.<init>(SearchResultPage.java:28)
	at com.bus.booking.TestBase.SearchResultPage.<init>(SearchResultPage.java:28)
	at com.bus.booking.TestBase.SearchResultPage.<init>(SearchResultPage.java:28)
	at com.bus.booking.TestBase.SearchResultPage.<init>(SearchResultPage.java:28)
	at com.bus.booking.TestBase.SearchResultPage.<init>(SearchResultPage.java:28)
	at com.bus.booking.TestBase.SearchResultPage.<init>(SearchResultPage.java:28)
	at com.bus.booking.TestBase.SearchResultPage.<init>(SearchResultPage.java:28)
	at com.bus.booking.TestBase.SearchResultPage.<init>(SearchResultPage.java:28)
	at com.bus.booking.TestBase.SearchResultPage.<init>(SearchResultPage.java:28)
	at com.bus.booking.TestBase.SearchResultPage.<init>(SearchResultPage.java:28)
	at com.bus.booking.TestBase.SearchResultPage.<init>(SearchResultPage.java:28)
	at com.bus.booking.TestBase.SearchResultPage.<init>(SearchResultPage.java:28)
	at com.bus.booking.TestBase.SearchResultPage.<init>(SearchResultPage.java:28)
	at com.bus.booking.TestBase.SearchResultPage.<init>(SearchResultPage.java:28)
	at com.bus.booking.TestBase.SearchResultPage.<init>(SearchResultPage.java:28)
	at com.bus.booking.TestBase.SearchResultPage.<init>(SearchResultPage.java:28)
	at com.bus.booking.TestBase.SearchResultPage.<init>(SearchResultPage.java:28)
	at com.bus.booking.TestBase.SearchResultPage.<init>(SearchResultPage.java:28)
	at com.bus.booking.TestBase.SearchResultPage.<init>(SearchResultPage.java:28)
	at com.bus.booking.TestBase.SearchResultPage.<init>(SearchResultPage.java:28)
	at com.bus.booking.TestBase.SearchResultPage.<init>(SearchResultPage.java:28)
	at com.bus.booking.TestBase.SearchResultPage.<init>(SearchResultPage.java:28)
	at com.bus.booking.TestBase.SearchResultPage.<init>(SearchResultPage.java:28)
	at com.bus.booking.TestBase.SearchResultPage.<init>(SearchResultPage.java:28)
	at com.bus.booking.TestBase.SearchResultPage.<init>(SearchResultPage.java:28)
	at com.bus.booking.TestBase.SearchResultPage.<init>(SearchResultPage.java:28)
	at com.bus.booking.TestBase.SearchResultPage.<init>(SearchResultPage.java:28)
	at com.bus.booking.TestBase.SearchResultPage.<init>(SearchResultPage.java:28)
	at com.bus.booking.TestBase.SearchResultPage.<init>(SearchResultPage.java:28)
	at com.bus.booking.TestBase.SearchResultPage.<init>(SearchResultPage.java:28)
	at com.bus.booking.TestBase.SearchResultPage.<init>(SearchResultPage.java:28)
	at com.bus.booking.TestBase.SearchResultPage.<init>(SearchResultPage.java:28)
	at com.bus.booking.TestBase.SearchResultPage.<init>(SearchResultPage.java:28)
	at com.bus.booking.TestBase.SearchResultPage.<init>(SearchResultPage.java:28)
	at com.bus.booking.TestBase.SearchResultPage.<init>(SearchResultPage.java:28)
	at com.bus.booking.TestBase.SearchResultPage.<init>(SearchResultPage.java:28)
	at com.bus.booking.TestBase.SearchResultPage.<init>(SearchResultPage.java:28)
	at com.bus.booking.TestBase.SearchResultPage.<init>(SearchResultPage.java:28)
	at com.bus.booking.TestBase.SearchResultPage.<init>(SearchResultPage.java:28)
	at com.bus.booking.TestBase.SearchResultPage.<init>(SearchResultPage.java:28)
	at com.bus.booking.TestBase.SearchResultPage.<init>(SearchResultPage.java:28)
	at com.bus.booking.TestBase.SearchResultPage.<init>(SearchResultPage.java:28)
	at com.bus.booking.TestBase.SearchResultPage.<init>(SearchResultPage.java:28)
	at com.bus.booking.TestBase.SearchResultPage.<init>(SearchResultPage.java:28)
	at com.bus.booking.TestBase.SearchResultPage.<init>(SearchResultPage.java:28)
	at com.bus.booking.TestBase.SearchResultPage.<init>(SearchResultPage.java:28)
	at com.bus.booking.TestBase.SearchResultPage.<init>(SearchResultPage.java:28)
	at com.bus.booking.TestBase.SearchResultPage.<init>(SearchResultPage.java:28)
	at com.bus.booking.TestBase.SearchResultPage.<init>(SearchResultPage.java:28)
	at com.bus.booking.TestBase.SearchResultPage.<init>(SearchResultPage.java:28)
	at com.bus.booking.TestBase.SearchResultPage.<init>(SearchResultPage.java:28)
	at com.bus.booking.TestBase.SearchResultPage.<init>(SearchResultPage.java:28)
	at com.bus.booking.TestBase.SearchResultPage.<init>(SearchResultPage.java:28)
	at com.bus.booking.TestBase.SearchResultPage.<init>(SearchResultPage.java:28)
	at com.bus.booking.TestBase.SearchResultPage.<init>(SearchResultPage.java:28)
	at com.bus.booking.TestBase.SearchResultPage.<init>(SearchResultPage.java:28)
	at com.bus.booking.TestBase.SearchResultPage.<init>(SearchResultPage.java:28)
	at com.bus.booking.TestBase.SearchResultPage.<init>(SearchResultPage.java:28)
	at com.bus.booking.TestBase.SearchResultPage.<init>(SearchResultPage.java:28)
	at com.bus.booking.TestBase.SearchResultPage.<init>(SearchResultPage.java:28)
	at com.bus.booking.TestBase.SearchResultPage.<init>(SearchResultPage.java:28)
	at com.bus.booking.TestBase.SearchResultPage.<init>(SearchResultPage.java:28)
	at com.bus.booking.TestBase.SearchResultPage.<init>(SearchResultPage.java:28)
	at com.bus.booking.TestBase.SearchResultPage.<init>(SearchResultPage.java:28)
	at com.bus.booking.TestBase.SearchResultPage.<init>(SearchResultPage.java:28)
	at com.bus.booking.TestBase.SearchResultPage.<init>(SearchResultPage.java:28)
	at com.bus.booking.TestBase.SearchResultPage.<init>(SearchResultPage.java:28)
	at com.bus.booking.TestBase.SearchResultPage.<init>(SearchResultPage.java:28)
	at com.bus.booking.TestBase.SearchResultPage.<init>(SearchResultPage.java:28)
	at com.bus.booking.TestBase.SearchResultPage.<init>(SearchResultPage.java:28)
	at com.bus.booking.TestBase.SearchResultPage.<init>(SearchResultPage.java:28)
	at com.bus.booking.TestBase.SearchResultPage.<init>(SearchResultPage.java:28)
	at com.bus.booking.TestBase.SearchResultPage.<init>(SearchResultPage.java:28)
	at com.bus.booking.TestBase.SearchResultPage.<init>(SearchResultPage.java:28)
	at com.bus.booking.TestBase.SearchResultPage.<init>(SearchResultPage.java:28)
	at com.bus.booking.TestBase.SearchResultPage.<init>(SearchResultPage.java:28)
	at com.bus.booking.TestBase.SearchResultPage.<init>(SearchResultPage.java:28)
	at com.bus.booking.TestBase.SearchResultPage.<init>(SearchResultPage.java:28)
	at com.bus.booking.TestBase.SearchResultPage.<init>(SearchResultPage.java:28)
	at com.bus.booking.TestBase.SearchResultPage.<init>(SearchResultPage.java:28)
	at com.bus.booking.TestBase.SearchResultPage.<init>(SearchResultPage.java:28)
	at com.bus.booking.TestBase.SearchResultPage.<init>(SearchResultPage.java:28)
	at com.bus.booking.TestBase.SearchResultPage.<init>(SearchResultPage.java:28)
	at com.bus.booking.TestBase.SearchResultPage.<init>(SearchResultPage.java:28)
	at com.bus.booking.TestBase.SearchResultPage.<init>(SearchResultPage.java:28)
	at com.bus.booking.TestBase.SearchResultPage.<init>(SearchResultPage.java:28)
	at com.bus.booking.TestBase.SearchResultPage.<init>(SearchResultPage.java:28)
	at com.bus.booking.TestBase.SearchResultPage.<init>(SearchResultPage.java:28)
	at com.bus.booking.TestBase.SearchResultPage.<init>(SearchResultPage.java:28)
	at com.bus.booking.TestBase.SearchResultPage.<init>(SearchResultPage.java:28)
	at com.bus.booking.TestBase.SearchResultPage.<init>(SearchResultPage.java:28)
	at com.bus.booking.TestBase.SearchResultPage.<init>(SearchResultPage.java:28)
	at com.bus.booking.TestBase.SearchResultPage.<init>(SearchResultPage.java:28)
	at com.bus.booking.TestBase.SearchResultPage.<init>(SearchResultPage.java:28)
	at com.bus.booking.TestBase.SearchResultPage.<init>(SearchResultPage.java:28)
	at com.bus.booking.TestBase.SearchResultPage.<init>(SearchResultPage.java:28)
	at com.bus.booking.TestBase.SearchResultPage.<init>(SearchResultPage.java:28)
	at com.bus.booking.TestBase.SearchResultPage.<init>(SearchResultPage.java:28)
	at com.bus.booking.TestBase.SearchResultPage.<init>(SearchResultPage.java:28)
	at com.bus.booking.TestBase.SearchResultPage.<init>(SearchResultPage.java:28)
	at com.bus.booking.TestBase.SearchResultPage.<init>(SearchResultPage.java:28)
	at com.bus.booking.TestBase.SearchResultPage.<init>(SearchResultPage.java:28)
	at com.bus.booking.TestBase.SearchResultPage.<init>(SearchResultPage.java:28)
	at com.bus.booking.TestBase.SearchResultPage.<init>(SearchResultPage.java:28)
	at com.bus.booking.TestBase.SearchResultPage.<init>(SearchResultPage.java:28)
	at com.bus.booking.TestBase.SearchResultPage.<init>(SearchResultPage.java:28)
	at com.bus.booking.TestBase.SearchResultPage.<init>(SearchResultPage.java:28)
	at com.bus.booking.TestBase.SearchResultPage.<init>(SearchResultPage.java:28)
	at com.bus.booking.TestBase.SearchResultPage.<init>(SearchResultPage.java:28)
	at com.bus.booking.TestBase.SearchResultPage.<init>(SearchResultPage.java:28)
	at com.bus.booking.TestBase.SearchResultPage.<init>(SearchResultPage.java:28)
	at com.bus.booking.TestBase.SearchResultPage.<init>(SearchResultPage.java:28)
	at com.bus.booking.TestBase.SearchResultPage.<init>(SearchResultPage.java:28)
	at com.bus.booking.TestBase.SearchResultPage.<init>(SearchResultPage.java:28)
	at com.bus.booking.TestBase.SearchResultPage.<init>(SearchResultPage.java:28)
	at com.bus.booking.TestBase.SearchResultPage.<init>(SearchResultPage.java:28)
	at com.bus.booking.TestBase.SearchResultPage.<init>(SearchResultPage.java:28)
	at com.bus.booking.TestBase.SearchResultPage.<init>(SearchResultPage.java:28)
	at com.bus.booking.TestBase.SearchResultPage.<init>(SearchResultPage.java:28)
	at com.bus.booking.TestBase.SearchResultPage.<init>(SearchResultPage.java:28)
	at com.bus.booking.TestBase.SearchResultPage.<init>(SearchResultPage.java:28)
	at com.bus.booking.TestBase.SearchResultPage.<init>(SearchResultPage.java:28)
	at com.bus.booking.TestBase.SearchResultPage.<init>(SearchResultPage.java:28)
	at com.bus.booking.TestBase.SearchResultPage.<init>(SearchResultPage.java:28)
	at com.bus.booking.TestBase.SearchResultPage.<init>(SearchResultPage.java:28)
	at com.bus.booking.TestBase.SearchResultPage.<init>(SearchResultPage.java:28)
	at com.bus.booking.TestBase.SearchResultPage.<init>(SearchResultPage.java:28)
	at com.bus.booking.TestBase.SearchResultPage.<init>(SearchResultPage.java:28)
	at com.bus.booking.TestBase.SearchResultPage.<init>(SearchResultPage.java:28)
	at com.bus.booking.TestBase.SearchResultPage.<init>(SearchResultPage.java:28)
	at com.bus.booking.TestBase.SearchResultPage.<init>(SearchResultPage.java:28)
	at com.bus.booking.TestBase.SearchResultPage.<init>(SearchResultPage.java:28)
	at com.bus.booking.TestBase.SearchResultPage.<init>(SearchResultPage.java:28)
	at com.bus.booking.TestBase.SearchResultPage.<init>(SearchResultPage.java:28)
	at com.bus.booking.TestBase.SearchResultPage.<init>(SearchResultPage.java:28)
	at com.bus.booking.TestBase.SearchResultPage.<init>(SearchResultPage.java:28)
	at com.bus.booking.TestBase.SearchResultPage.<init>(SearchResultPage.java:28)
	at com.bus.booking.TestBase.SearchResultPage.<init>(SearchResultPage.java:28)
	at com.bus.booking.TestBase.SearchResultPage.<init>(SearchResultPage.java:28)
	at com.bus.booking.TestBase.SearchResultPage.<init>(SearchResultPage.java:28)
	at com.bus.booking.TestBase.SearchResultPage.<init>(SearchResultPage.java:28)
	at com.bus.booking.TestBase.SearchResultPage.<init>(SearchResultPage.java:28)
	at com.bus.booking.TestBase.SearchResultPage.<init>(SearchResultPage.java:28)
	at com.bus.booking.TestBase.SearchResultPage.<init>(SearchResultPage.java:28)
	at com.bus.booking.TestBase.SearchResultPage.<init>(SearchResultPage.java:28)
	at com.bus.booking.TestBase.SearchResultPage.<init>(SearchResultPage.java:28)
	at com.bus.booking.TestBase.SearchResultPage.<init>(SearchResultPage.java:28)
	at com.bus.booking.TestBase.SearchResultPage.<init>(SearchResultPage.java:28)
	at com.bus.booking.TestBase.SearchResultPage.<init>(SearchResultPage.java:28)
	at com.bus.booking.TestBase.SearchResultPage.<init>(SearchResultPage.java:28)
	at com.bus.booking.TestBase.SearchResultPage.<init>(SearchResultPage.java:28)
	at com.bus.booking.TestBase.SearchResultPage.<init>(SearchResultPage.java:28)
	at com.bus.booking.TestBase.SearchResultPage.<init>(SearchResultPage.java:28)
	at com.bus.booking.TestBase.SearchResultPage.<init>(SearchResultPage.java:28)
	at com.bus.booking.TestBase.SearchResultPage.<init>(SearchResultPage.java:28)
	at com.bus.booking.TestBase.SearchResultPage.<init>(SearchResultPage.java:28)
	at com.bus.booking.TestBase.SearchResultPage.<init>(SearchResultPage.java:28)
	at com.bus.booking.TestBase.SearchResultPage.<init>(SearchResultPage.java:28)
	at com.bus.booking.TestBase.SearchResultPage.<init>(SearchResultPage.java:28)
	at com.bus.booking.TestBase.SearchResultPage.<init>(SearchResultPage.java:28)
	at com.bus.booking.TestBase.SearchResultPage.<init>(SearchResultPage.java:28)
	at com.bus.booking.TestBase.SearchResultPage.<init>(SearchResultPage.java:28)
	at com.bus.booking.TestBase.SearchResultPage.<init>(SearchResultPage.java:28)
	at com.bus.booking.TestBase.SearchResultPage.<init>(SearchResultPage.java:28)
	at com.bus.booking.TestBase.SearchResultPage.<init>(SearchResultPage.java:28)
	at com.bus.booking.TestBase.SearchResultPage.<init>(SearchResultPage.java:28)
	at com.bus.booking.TestBase.SearchResultPage.<init>(SearchResultPage.java:28)
	at com.bus.booking.TestBase.SearchResultPage.<init>(SearchResultPage.java:28)
	at com.bus.booking.TestBase.SearchResultPage.<init>(SearchResultPage.java:28)
	at com.bus.booking.TestBase.SearchResultPage.<init>(SearchResultPage.java:28)
	at com.bus.booking.TestBase.SearchResultPage.<init>(SearchResultPage.java:28)
	at com.bus.booking.TestBase.SearchResultPage.<init>(SearchResultPage.java:28)
	at com.bus.booking.TestBase.SearchResultPage.<init>(SearchResultPage.java:28)
	at com.bus.booking.TestBase.SearchResultPage.<init>(SearchResultPage.java:28)
	at com.bus.booking.TestBase.SearchResultPage.<init>(SearchResultPage.java:28)
	at com.bus.booking.TestBase.SearchResultPage.<init>(SearchResultPage.java:28)
	at com.bus.booking.TestBase.SearchResultPage.<init>(SearchResultPage.java:28)
	at com.bus.booking.TestBase.SearchResultPage.<init>(SearchResultPage.java:28)
	at com.bus.booking.TestBase.SearchResultPage.<init>(SearchResultPage.java:28)
	at com.bus.booking.TestBase.SearchResultPage.<init>(SearchResultPage.java:28)
	at com.bus.booking.TestBase.SearchResultPage.<init>(SearchResultPage.java:28)
	at com.bus.booking.TestBase.SearchResultPage.<init>(SearchResultPage.java:28)
	at com.bus.booking.TestBase.SearchResultPage.<init>(SearchResultPage.java:28)
	at com.bus.booking.TestBase.SearchResultPage.<init>(SearchResultPage.java:28)
	at com.bus.booking.TestBase.SearchResultPage.<init>(SearchResultPage.java:28)
	at com.bus.booking.TestBase.SearchResultPage.<init>(SearchResultPage.java:28)
	at com.bus.booking.TestBase.SearchResultPage.<init>(SearchResultPage.java:28)
	at com.bus.booking.TestBase.SearchResultPage.<init>(SearchResultPage.java:28)
	at com.bus.booking.TestBase.SearchResultPage.<init>(SearchResultPage.java:28)
	at com.bus.booking.TestBase.SearchResultPage.<init>(SearchResultPage.java:28)
	at com.bus.booking.TestBase.SearchResultPage.<init>(SearchResultPage.java:28)
	at com.bus.booking.TestBase.SearchResultPage.<init>(SearchResultPage.java:28)
	at com.bus.booking.TestBase.SearchResultPage.<init>(SearchResultPage.java:28)
	at com.bus.booking.TestBase.SearchResultPage.<init>(SearchResultPage.java:28)
	at com.bus.booking.TestBase.SearchResultPage.<init>(SearchResultPage.java:28)
	at com.bus.booking.TestBase.SearchResultPage.<init>(SearchResultPage.java:28)
	at com.bus.booking.TestBase.SearchResultPage.<init>(SearchResultPage.java:28)
	at com.bus.booking.TestBase.SearchResultPage.<init>(SearchResultPage.java:28)
	at com.bus.booking.TestBase.SearchResultPage.<init>(SearchResultPage.java:28)
	at com.bus.booking.TestBase.SearchResultPage.<init>(SearchResultPage.java:28)
	at com.bus.booking.TestBase.SearchResultPage.<init>(SearchResultPage.java:28)
	at com.bus.booking.TestBase.SearchResultPage.<init>(SearchResultPage.java:28)
	at com.bus.booking.TestBase.SearchResultPage.<init>(SearchResultPage.java:28)
	at com.bus.booking.TestBase.SearchResultPage.<init>(SearchResultPage.java:28)
	at com.bus.booking.TestBase.SearchResultPage.<init>(SearchResultPage.java:28)
	at com.bus.booking.TestBase.SearchResultPage.<init>(SearchResultPage.java:28)
	at com.bus.booking.TestBase.SearchResultPage.<init>(SearchResultPage.java:28)
	at com.bus.booking.TestBase.SearchResultPage.<init>(SearchResultPage.java:28)
	at com.bus.booking.TestBase.SearchResultPage.<init>(SearchResultPage.java:28)
	at com.bus.booking.TestBase.SearchResultPage.<init>(SearchResultPage.java:28)
	at com.bus.booking.TestBase.SearchResultPage.<init>(SearchResultPage.java:28)
	at com.bus.booking.TestBase.SearchResultPage.<init>(SearchResultPage.java:28)
	at com.bus.booking.TestBase.SearchResultPage.<init>(SearchResultPage.java:28)
	at com.bus.booking.TestBase.SearchResultPage.<init>(SearchResultPage.java:28)
	at com.bus.booking.TestBase.SearchResultPage.<init>(SearchResultPage.java:28)
	at com.bus.booking.TestBase.SearchResultPage.<init>(SearchResultPage.java:28)
	at com.bus.booking.TestBase.SearchResultPage.<init>(SearchResultPage.java:28)
	at com.bus.booking.TestBase.SearchResultPage.<init>(SearchResultPage.java:28)
	at com.bus.booking.TestBase.SearchResultPage.<init>(SearchResultPage.java:28)
	at com.bus.booking.TestBase.SearchResultPage.<init>(SearchResultPage.java:28)
	at com.bus.booking.TestBase.SearchResultPage.<init>(SearchResultPage.java:28)
	at com.bus.booking.TestBase.SearchResultPage.<init>(SearchResultPage.java:28)
	at com.bus.booking.TestBase.SearchResultPage.<init>(SearchResultPage.java:28)
	at com.bus.booking.TestBase.SearchResultPage.<init>(SearchResultPage.java:28)
	at com.bus.booking.TestBase.SearchResultPage.<init>(SearchResultPage.java:28)
	at com.bus.booking.TestBase.SearchResultPage.<init>(SearchResultPage.java:28)
	at com.bus.booking.TestBase.SearchResultPage.<init>(SearchResultPage.java:28)
	at com.bus.booking.TestBase.SearchResultPage.<init>(SearchResultPage.java:28)
	at com.bus.booking.TestBase.SearchResultPage.<init>(SearchResultPage.java:28)
	at com.bus.booking.TestBase.SearchResultPage.<init>(SearchResultPage.java:28)
	at com.bus.booking.TestBase.SearchResultPage.<init>(SearchResultPage.java:28)
	at com.bus.booking.TestBase.SearchResultPage.<init>(SearchResultPage.java:28)
	at com.bus.booking.TestBase.SearchResultPage.<init>(SearchResultPage.java:28)
	at com.bus.booking.TestBase.SearchResultPage.<init>(SearchResultPage.java:28)
	at com.bus.booking.TestBase.SearchResultPage.<init>(SearchResultPage.java:28)
	at com.bus.booking.TestBase.SearchResultPage.<init>(SearchResultPage.java:28)
	at com.bus.booking.TestBase.SearchResultPage.<init>(SearchResultPage.java:28)
	at com.bus.booking.TestBase.SearchResultPage.<init>(SearchResultPage.java:28)
	at com.bus.booking.TestBase.SearchResultPage.<init>(SearchResultPage.java:28)
	at com.bus.booking.TestBase.SearchResultPage.<init>(SearchResultPage.java:28)
	at com.bus.booking.TestBase.SearchResultPage.<init>(SearchResultPage.java:28)
	at com.bus.booking.TestBase.SearchResultPage.<init>(SearchResultPage.java:28)
	at com.bus.booking.TestBase.SearchResultPage.<init>(SearchResultPage.java:28)
	at com.bus.booking.TestBase.SearchResultPage.<init>(SearchResultPage.java:28)
	at com.bus.booking.TestBase.SearchResultPage.<init>(SearchResultPage.java:28)
	at com.bus.booking.TestBase.SearchResultPage.<init>(SearchResultPage.java:28)
	at com.bus.booking.TestBase.SearchResultPage.<init>(SearchResultPage.java:28)
	at com.bus.booking.TestBase.SearchResultPage.<init>(SearchResultPage.java:28)
	at com.bus.booking.TestBase.SearchResultPage.<init>(SearchResultPage.java:28)
	at com.bus.booking.TestBase.SearchResultPage.<init>(SearchResultPage.java:28)
	at com.bus.booking.TestBase.SearchResultPage.<init>(SearchResultPage.java:28)
	at com.bus.booking.TestBase.SearchResultPage.<init>(SearchResultPage.java:28)
	at com.bus.booking.TestBase.SearchResultPage.<init>(SearchResultPage.java:28)
	at com.bus.booking.TestBase.SearchResultPage.<init>(SearchResultPage.java:28)
	at com.bus.booking.TestBase.SearchResultPage.<init>(SearchResultPage.java:28)
	at com.bus.booking.TestBase.SearchResultPage.<init>(SearchResultPage.java:28)
	at com.bus.booking.TestBase.SearchResultPage.<init>(SearchResultPage.java:28)
	at com.bus.booking.TestBase.SearchResultPage.<init>(SearchResultPage.java:28)
	at com.bus.booking.TestBase.SearchResultPage.<init>(SearchResultPage.java:28)
	at com.bus.booking.TestBase.SearchResultPage.<init>(SearchResultPage.java:28)
	at com.bus.booking.TestBase.SearchResultPage.<init>(SearchResultPage.java:28)
	at com.bus.booking.TestBase.SearchResultPage.<init>(SearchResultPage.java:28)
	at com.bus.booking.TestBase.SearchResultPage.<init>(SearchResultPage.java:28)
	at com.bus.booking.TestBase.SearchResultPage.<init>(SearchResultPage.java:28)
	at com.bus.booking.TestBase.SearchResultPage.<init>(SearchResultPage.java:28)
	at com.bus.booking.TestBase.SearchResultPage.<init>(SearchResultPage.java:28)
	at com.bus.booking.TestBase.SearchResultPage.<init>(SearchResultPage.java:28)
	at com.bus.booking.TestBase.SearchResultPage.<init>(SearchResultPage.java:28)
	at com.bus.booking.TestBase.SearchResultPage.<init>(SearchResultPage.java:28)
	at com.bus.booking.TestBase.SearchResultPage.<init>(SearchResultPage.java:28)
	at com.bus.booking.TestBase.SearchResultPage.<init>(SearchResultPage.java:28)
	at com.bus.booking.TestBase.SearchResultPage.<init>(SearchResultPage.java:28)
	at com.bus.booking.TestBase.SearchResultPage.<init>(SearchResultPage.java:28)
	at com.bus.booking.TestBase.SearchResultPage.<init>(SearchResultPage.java:28)
	at com.bus.booking.TestBase.SearchResultPage.<init>(SearchResultPage.java:28)
	at com.bus.booking.TestBase.SearchResultPage.<init>(SearchResultPage.java:28)
	at com.bus.booking.TestBase.SearchResultPage.<init>(SearchResultPage.java:28)
	at com.bus.booking.TestBase.SearchResultPage.<init>(SearchResultPage.java:28)
	at com.bus.booking.TestBase.SearchResultPage.<init>(SearchResultPage.java:28)
	at com.bus.booking.TestBase.SearchResultPage.<init>(SearchResultPage.java:28)
	at com.bus.booking.TestBase.SearchResultPage.<init>(SearchResultPage.java:28)
	at com.bus.booking.TestBase.SearchResultPage.<init>(SearchResultPage.java:28)
	at com.bus.booking.TestBase.SearchResultPage.<init>(SearchResultPage.java:28)
	at com.bus.booking.TestBase.SearchResultPage.<init>(SearchResultPage.java:28)
	at com.bus.booking.TestBase.SearchResultPage.<init>(SearchResultPage.java:28)
	at com.bus.booking.TestBase.SearchResultPage.<init>(SearchResultPage.java:28)
	at com.bus.booking.TestBase.SearchResultPage.<init>(SearchResultPage.java:28)
	at com.bus.booking.TestBase.SearchResultPage.<init>(SearchResultPage.java:28)
	at com.bus.booking.TestBase.SearchResultPage.<init>(SearchResultPage.java:28)
	at com.bus.booking.TestBase.SearchResultPage.<init>(SearchResultPage.java:28)
	at com.bus.booking.TestBase.SearchResultPage.<init>(SearchResultPage.java:28)
	at com.bus.booking.TestBase.SearchResultPage.<init>(SearchResultPage.java:28)
	at com.bus.booking.TestBase.SearchResultPage.<init>(SearchResultPage.java:28)
	at com.bus.booking.TestBase.SearchResultPage.<init>(SearchResultPage.java:28)
	at com.bus.booking.TestBase.SearchResultPage.<init>(SearchResultPage.java:28)
	at com.bus.booking.TestBase.SearchResultPage.<init>(SearchResultPage.java:28)
	at com.bus.booking.TestBase.SearchResultPage.<init>(SearchResultPage.java:28)
	at com.bus.booking.TestBase.SearchResultPage.<init>(SearchResultPage.java:28)
	at com.bus.booking.TestBase.SearchResultPage.<init>(SearchResultPage.java:28)
	at com.bus.booking.TestBase.SearchResultPage.<init>(SearchResultPage.java:28)
	at com.bus.booking.TestBase.SearchResultPage.<init>(SearchResultPage.java:28)
	at com.bus.booking.TestBase.SearchResultPage.<init>(SearchResultPage.java:28)
	at com.bus.booking.TestBase.SearchResultPage.<init>(SearchResultPage.java:28)
	at com.bus.booking.TestBase.SearchResultPage.<init>(SearchResultPage.java:28)
	at com.bus.booking.TestBase.SearchResultPage.<init>(SearchResultPage.java:28)
	at com.bus.booking.TestBase.SearchResultPage.<init>(SearchResultPage.java:28)
	at com.bus.booking.TestBase.SearchResultPage.<init>(SearchResultPage.java:28)
	at com.bus.booking.TestBase.SearchResultPage.<init>(SearchResultPage.java:28)
	at com.bus.booking.TestBase.SearchResultPage.<init>(SearchResultPage.java:28)
	at com.bus.booking.TestBase.SearchResultPage.<init>(SearchResultPage.java:28)
	at com.bus.booking.TestBase.SearchResultPage.<init>(SearchResultPage.java:28)
	at com.bus.booking.TestBase.SearchResultPage.<init>(SearchResultPage.java:28)
	at com.bus.booking.TestBase.SearchResultPage.<init>(SearchResultPage.java:28)
	at com.bus.booking.TestBase.SearchResultPage.<init>(SearchResultPage.java:28)
	at com.bus.booking.TestBase.SearchResultPage.<init>(SearchResultPage.java:28)
	at com.bus.booking.TestBase.SearchResultPage.<init>(SearchResultPage.java:28)
	at com.bus.booking.TestBase.SearchResultPage.<init>(SearchResultPage.java:28)
	at com.bus.booking.TestBase.SearchResultPage.<init>(SearchResultPage.java:28)
	at com.bus.booking.TestBase.SearchResultPage.<init>(SearchResultPage.java:28)
	at com.bus.booking.TestBase.SearchResultPage.<init>(SearchResultPage.java:28)
	at com.bus.booking.TestBase.SearchResultPage.<init>(SearchResultPage.java:28)
	at com.bus.booking.TestBase.SearchResultPage.<init>(SearchResultPage.java:28)
	at com.bus.booking.TestBase.SearchResultPage.<init>(SearchResultPage.java:28)
	at com.bus.booking.TestBase.SearchResultPage.<init>(SearchResultPage.java:28)
	at com.bus.booking.TestBase.SearchResultPage.<init>(SearchResultPage.java:28)
	at com.bus.booking.TestBase.SearchResultPage.<init>(SearchResultPage.java:28)
	at com.bus.booking.TestBase.SearchResultPage.<init>(SearchResultPage.java:28)
	at com.bus.booking.TestBase.SearchResultPage.<init>(SearchResultPage.java:28)
	at com.bus.booking.TestBase.SearchResultPage.<init>(SearchResultPage.java:28)
	at com.bus.booking.TestBase.SearchResultPage.<init>(SearchResultPage.java:28)
	at com.bus.booking.TestBase.SearchResultPage.<init>(SearchResultPage.java:28)
	at com.bus.booking.TestBase.SearchResultPage.<init>(SearchResultPage.java:28)
	at com.bus.booking.TestBase.SearchResultPage.<init>(SearchResultPage.java:28)
	at com.bus.booking.TestBase.SearchResultPage.<init>(SearchResultPage.java:28)
	at com.bus.booking.TestBase.SearchResultPage.<init>(SearchResultPage.java:28)
	at com.bus.booking.TestBase.SearchResultPage.<init>(SearchResultPage.java:28)
	at com.bus.booking.TestBase.SearchResultPage.<init>(SearchResultPage.java:28)
	at com.bus.booking.TestBase.SearchResultPage.<init>(SearchResultPage.java:28)
	at com.bus.booking.TestBase.SearchResultPage.<init>(SearchResultPage.java:28)
	at com.bus.booking.TestBase.SearchResultPage.<init>(SearchResultPage.java:28)
	at com.bus.booking.TestBase.SearchResultPage.<init>(SearchResultPage.java:28)
	at com.bus.booking.TestBase.SearchResultPage.<init>(SearchResultPage.java:28)
	at com.bus.booking.TestBase.SearchResultPage.<init>(SearchResultPage.java:28)
	at com.bus.booking.TestBase.SearchResultPage.<init>(SearchResultPage.java:28)
	at com.bus.booking.TestBase.SearchResultPage.<init>(SearchResultPage.java:28)
	at com.bus.booking.TestBase.SearchResultPage.<init>(SearchResultPage.java:28)
	at com.bus.booking.TestBase.SearchResultPage.<init>(SearchResultPage.java:28)
	at com.bus.booking.TestBase.SearchResultPage.<init>(SearchResultPage.java:28)
	at com.bus.booking.TestBase.SearchResultPage.<init>(SearchResultPage.java:28)
	at com.bus.booking.TestBase.SearchResultPage.<init>(SearchResultPage.java:28)
	at com.bus.booking.TestBase.SearchResultPage.<init>(SearchResultPage.java:28)
	at com.bus.booking.TestBase.SearchResultPage.<init>(SearchResultPage.java:28)
	at com.bus.booking.TestBase.SearchResultPage.<init>(SearchResultPage.java:28)
	at com.bus.booking.TestBase.SearchResultPage.<init>(SearchResultPage.java:28)
	at com.bus.booking.TestBase.SearchResultPage.<init>(SearchResultPage.java:28)
	at com.bus.booking.TestBase.SearchResultPage.<init>(SearchResultPage.java:28)
	at com.bus.booking.TestBase.SearchResultPage.<init>(SearchResultPage.java:28)
	at com.bus.booking.TestBase.SearchResultPage.<init>(SearchResultPage.java:28)
	at com.bus.booking.TestBase.SearchResultPage.<init>(SearchResultPage.java:28)
	at com.bus.booking.TestBase.SearchResultPage.<init>(SearchResultPage.java:28)
	at com.bus.booking.TestBase.SearchResultPage.<init>(SearchResultPage.java:28)
	at com.bus.booking.TestBase.SearchResultPage.<init>(SearchResultPage.java:28)
	at com.bus.booking.TestBase.SearchResultPage.<init>(SearchResultPage.java:28)
	at com.bus.booking.TestBase.SearchResultPage.<init>(SearchResultPage.java:28)
	at com.bus.booking.TestBase.SearchResultPage.<init>(SearchResultPage.java:28)
	at com.bus.booking.TestBase.SearchResultPage.<init>(SearchResultPage.java:28)
	at com.bus.booking.TestBase.SearchResultPage.<init>(SearchResultPage.java:28)
	at com.bus.booking.TestBase.SearchResultPage.<init>(SearchResultPage.java:28)
	at com.bus.booking.TestBase.SearchResultPage.<init>(SearchResultPage.java:28)
	at com.bus.booking.TestBase.SearchResultPage.<init>(SearchResultPage.java:28)
	at com.bus.booking.TestBase.SearchResultPage.<init>(SearchResultPage.java:28)
	at com.bus.booking.TestBase.SearchResultPage.<init>(SearchResultPage.java:28)
	at com.bus.booking.TestBase.SearchResultPage.<init>(SearchResultPage.java:28)
	at com.bus.booking.TestBase.SearchResultPage.<init>(SearchResultPage.java:28)
	at com.bus.booking.TestBase.SearchResultPage.<init>(SearchResultPage.java:28)
	at com.bus.booking.TestBase.SearchResultPage.<init>(SearchResultPage.java:28)
	at com.bus.booking.TestBase.SearchResultPage.<init>(SearchResultPage.java:28)
	at com.bus.booking.TestBase.SearchResultPage.<init>(SearchResultPage.java:28)
	at com.bus.booking.TestBase.SearchResultPage.<init>(SearchResultPage.java:28)
	at com.bus.booking.TestBase.SearchResultPage.<init>(SearchResultPage.java:28)
	at com.bus.booking.TestBase.SearchResultPage.<init>(SearchResultPage.java:28)
	at com.bus.booking.TestBase.SearchResultPage.<init>(SearchResultPage.java:28)
	at com.bus.booking.TestBase.SearchResultPage.<init>(SearchResultPage.java:28)
	at com.bus.booking.TestBase.SearchResultPage.<init>(SearchResultPage.java:28)
	at com.bus.booking.TestBase.SearchResultPage.<init>(SearchResultPage.java:28)
	at com.bus.booking.TestBase.SearchResultPage.<init>(SearchResultPage.java:28)
	at com.bus.booking.TestBase.SearchResultPage.<init>(SearchResultPage.java:28)
	at com.bus.booking.TestBase.SearchResultPage.<init>(SearchResultPage.java:28)
	at com.bus.booking.TestBase.SearchResultPage.<init>(SearchResultPage.java:28)
	at com.bus.booking.TestBase.SearchResultPage.<init>(SearchResultPage.java:28)
	at com.bus.booking.TestBase.SearchResultPage.<init>(SearchResultPage.java:28)
	at com.bus.booking.TestBase.SearchResultPage.<init>(SearchResultPage.java:28)
	at com.bus.booking.TestBase.SearchResultPage.<init>(SearchResultPage.java:28)
	at com.bus.booking.TestBase.SearchResultPage.<init>(SearchResultPage.java:28)
	at com.bus.booking.TestBase.SearchResultPage.<init>(SearchResultPage.java:28)
	at com.bus.booking.TestBase.SearchResultPage.<init>(SearchResultPage.java:28)
	at com.bus.booking.TestBase.SearchResultPage.<init>(SearchResultPage.java:28)
	at com.bus.booking.TestBase.SearchResultPage.<init>(SearchResultPage.java:28)
	at com.bus.booking.TestBase.SearchResultPage.<init>(SearchResultPage.java:28)
	at com.bus.booking.TestBase.SearchResultPage.<init>(SearchResultPage.java:28)
	at com.bus.booking.TestBase.SearchResultPage.<init>(SearchResultPage.java:28)
	at com.bus.booking.TestBase.SearchResultPage.<init>(SearchResultPage.java:28)
	at com.bus.booking.TestBase.SearchResultPage.<init>(SearchResultPage.java:28)
	at com.bus.booking.TestBase.SearchResultPage.<init>(SearchResultPage.java:28)
	at com.bus.booking.TestBase.SearchResultPage.<init>(SearchResultPage.java:28)
	at com.bus.booking.TestBase.SearchResultPage.<init>(SearchResultPage.java:28)
	at com.bus.booking.TestBase.SearchResultPage.<init>(SearchResultPage.java:28)
	at com.bus.booking.TestBase.SearchResultPage.<init>(SearchResultPage.java:28)
	at com.bus.booking.TestBase.SearchResultPage.<init>(SearchResultPage.java:28)
	at com.bus.booking.TestBase.SearchResultPage.<init>(SearchResultPage.java:28)
	at com.bus.booking.TestBase.SearchResultPage.<init>(SearchResultPage.java:28)
	at com.bus.booking.TestBase.SearchResultPage.<init>(SearchResultPage.java:28)
	at com.bus.booking.TestBase.SearchResultPage.<init>(SearchResultPage.java:28)
	at com.bus.booking.TestBase.SearchResultPage.<init>(SearchResultPage.java:28)
	at com.bus.booking.TestBase.SearchResultPage.<init>(SearchResultPage.java:28)
	at com.bus.booking.TestBase.SearchResultPage.<init>(SearchResultPage.java:28)
	at com.bus.booking.TestBase.SearchResultPage.<init>(SearchResultPage.java:28)
	at com.bus.booking.TestBase.SearchResultPage.<init>(SearchResultPage.java:28)
	at com.bus.booking.TestBase.SearchResultPage.<init>(SearchResultPage.java:28)
	at com.bus.booking.TestBase.SearchResultPage.<init>(SearchResultPage.java:28)
	at com.bus.booking.TestBase.SearchResultPage.<init>(SearchResultPage.java:28)
	at com.bus.booking.TestBase.SearchResultPage.<init>(SearchResultPage.java:28)
	at com.bus.booking.TestBase.SearchResultPage.<init>(SearchResultPage.java:28)
	at com.bus.booking.TestBase.SearchResultPage.<init>(SearchResultPage.java:28)
	at com.bus.booking.TestBase.SearchResultPage.<init>(SearchResultPage.java:28)
	at com.bus.booking.TestBase.SearchResultPage.<init>(SearchResultPage.java:28)
	at com.bus.booking.TestBase.SearchResultPage.<init>(SearchResultPage.java:28)
	at com.bus.booking.TestBase.SearchResultPage.<init>(SearchResultPage.java:28)
	at com.bus.booking.TestBase.SearchResultPage.<init>(SearchResultPage.java:28)
	at com.bus.booking.TestBase.SearchResultPage.<init>(SearchResultPage.java:28)
	at com.bus.booking.TestBase.SearchResultPage.<init>(SearchResultPage.java:28)
	at com.bus.booking.TestBase.SearchResultPage.<init>(SearchResultPage.java:28)
	at com.bus.booking.TestBase.SearchResultPage.<init>(SearchResultPage.java:28)
	at com.bus.booking.TestBase.SearchResultPage.<init>(SearchResultPage.java:28)
	at com.bus.booking.TestBase.SearchResultPage.<init>(SearchResultPage.java:28)
	at com.bus.booking.TestBase.SearchResultPage.<init>(SearchResultPage.java:28)
	at com.bus.booking.TestBase.SearchResultPage.<init>(SearchResultPage.java:28)
	at com.bus.booking.TestBase.SearchResultPage.<init>(SearchResultPage.java:28)
	at com.bus.booking.TestBase.SearchResultPage.<init>(SearchResultPage.java:28)
	at com.bus.booking.TestBase.SearchResultPage.<init>(SearchResultPage.java:28)
	at com.bus.booking.TestBase.SearchResultPage.<init>(SearchResultPage.java:28)
	at com.bus.booking.TestBase.SearchResultPage.<init>(SearchResultPage.java:28)
	at com.bus.booking.TestBase.SearchResultPage.<init>(SearchResultPage.java:28)
	at com.bus.booking.TestBase.SearchResultPage.<init>(SearchResultPage.java:28)
	at com.bus.booking.TestBase.SearchResultPage.<init>(SearchResultPage.java:28)
	at com.bus.booking.TestBase.SearchResultPage.<init>(SearchResultPage.java:28)
	at com.bus.booking.TestBase.SearchResultPage.<init>(SearchResultPage.java:28)
	at com.bus.booking.TestBase.SearchResultPage.<init>(SearchResultPage.java:28)
	at com.bus.booking.TestBase.SearchResultPage.<init>(SearchResultPage.java:28)
	at com.bus.booking.TestBase.SearchResultPage.<init>(SearchResultPage.java:28)
	at com.bus.booking.TestBase.SearchResultPage.<init>(SearchResultPage.java:28)
	at com.bus.booking.TestBase.SearchResultPage.<init>(SearchResultPage.java:28)
	at com.bus.booking.TestBase.SearchResultPage.<init>(SearchResultPage.java:28)
	at com.bus.booking.TestBase.SearchResultPage.<init>(SearchResultPage.java:28)
	at com.bus.booking.TestBase.SearchResultPage.<init>(SearchResultPage.java:28)
	at com.bus.booking.TestBase.SearchResultPage.<init>(SearchResultPage.java:28)
	at com.bus.booking.TestBase.SearchResultPage.<init>(SearchResultPage.java:28)
	at com.bus.booking.TestBase.SearchResultPage.<init>(SearchResultPage.java:28)
	at com.bus.booking.TestBase.SearchResultPage.<init>(SearchResultPage.java:28)
	at com.bus.booking.TestBase.SearchResultPage.<init>(SearchResultPage.java:28)
	at com.bus.booking.TestBase.SearchResultPage.<init>(SearchResultPage.java:28)
	at com.bus.booking.TestBase.SearchResultPage.<init>(SearchResultPage.java:28)
	at com.bus.booking.TestBase.SearchResultPage.<init>(SearchResultPage.java:28)
	at com.bus.booking.TestBase.SearchResultPage.<init>(SearchResultPage.java:28)
	at com.bus.booking.TestBase.SearchResultPage.<init>(SearchResultPage.java:28)
	at com.bus.booking.TestBase.SearchResultPage.<init>(SearchResultPage.java:28)
	at com.bus.booking.TestBase.SearchResultPage.<init>(SearchResultPage.java:28)
	at com.bus.booking.TestBase.SearchResultPage.<init>(SearchResultPage.java:28)
	at com.bus.booking.TestBase.SearchResultPage.<init>(SearchResultPage.java:28)
	at com.bus.booking.TestBase.SearchResultPage.<init>(SearchResultPage.java:28)
	at com.bus.booking.TestBase.SearchResultPage.<init>(SearchResultPage.java:28)
	at com.bus.booking.TestBase.SearchResultPage.<init>(SearchResultPage.java:28)
	at com.bus.booking.TestBase.SearchResultPage.<init>(SearchResultPage.java:28)
	at com.bus.booking.TestBase.SearchResultPage.<init>(SearchResultPage.java:28)
	at com.bus.booking.TestBase.SearchResultPage.<init>(SearchResultPage.java:28)
	at com.bus.booking.TestBase.SearchResultPage.<init>(SearchResultPage.java:28)
	at com.bus.booking.TestBase.SearchResultPage.<init>(SearchResultPage.java:28)
	at com.bus.booking.TestBase.SearchResultPage.<init>(SearchResultPage.java:28)
	at com.bus.booking.TestBase.SearchResultPage.<init>(SearchResultPage.java:28)
	at com.bus.booking.TestBase.SearchResultPage.<init>(SearchResultPage.java:28)
	at com.bus.booking.TestBase.SearchResultPage.<init>(SearchResultPage.java:28)
	at com.bus.booking.TestBase.SearchResultPage.<init>(SearchResultPage.java:28)
	at com.bus.booking.TestBase.SearchResultPage.<init>(SearchResultPage.java:28)
	at com.bus.booking.TestBase.SearchResultPage.<init>(SearchResultPage.java:28)
	at com.bus.booking.TestBase.SearchResultPage.<init>(SearchResultPage.java:28)
	at com.bus.booking.TestBase.SearchResultPage.<init>(SearchResultPage.java:28)
	at com.bus.booking.TestBase.SearchResultPage.<init>(SearchResultPage.java:28)
	at com.bus.booking.TestBase.SearchResultPage.<init>(SearchResultPage.java:28)
	at com.bus.booking.TestBase.SearchResultPage.<init>(SearchResultPage.java:28)
	at com.bus.booking.TestBase.SearchResultPage.<init>(SearchResultPage.java:28)
	at com.bus.booking.TestBase.SearchResultPage.<init>(SearchResultPage.java:28)
	at com.bus.booking.TestBase.SearchResultPage.<init>(SearchResultPage.java:28)
	at com.bus.booking.TestBase.SearchResultPage.<init>(SearchResultPage.java:28)
	at com.bus.booking.TestBase.SearchResultPage.<init>(SearchResultPage.java:28)
	at com.bus.booking.TestBase.SearchResultPage.<init>(SearchResultPage.java:28)
	at com.bus.booking.TestBase.SearchResultPage.<init>(SearchResultPage.java:28)
	at com.bus.booking.TestBase.SearchResultPage.<init>(SearchResultPage.java:28)
	at com.bus.booking.TestBase.SearchResultPage.<init>(SearchResultPage.java:28)
	at com.bus.booking.TestBase.SearchResultPage.<init>(SearchResultPage.java:28)
	at com.bus.booking.TestBase.SearchResultPage.<init>(SearchResultPage.java:28)
	at com.bus.booking.TestBase.SearchResultPage.<init>(SearchResultPage.java:28)
	at com.bus.booking.TestBase.SearchResultPage.<init>(SearchResultPage.java:28)
	at com.bus.booking.TestBase.SearchResultPage.<init>(SearchResultPage.java:28)
	at com.bus.booking.TestBase.SearchResultPage.<init>(SearchResultPage.java:28)
	at com.bus.booking.TestBase.SearchResultPage.<init>(SearchResultPage.java:28)
	at com.bus.booking.TestBase.SearchResultPage.<init>(SearchResultPage.java:28)
	at com.bus.booking.TestBase.SearchResultPage.<init>(SearchResultPage.java:28)
	at com.bus.booking.TestBase.SearchResultPage.<init>(SearchResultPage.java:28)
	at com.bus.booking.TestBase.SearchResultPage.<init>(SearchResultPage.java:28)
	at com.bus.booking.TestBase.SearchResultPage.<init>(SearchResultPage.java:28)
	at com.bus.booking.TestBase.SearchResultPage.<init>(SearchResultPage.java:28)
	at com.bus.booking.TestBase.SearchResultPage.<init>(SearchResultPage.java:28)
	at com.bus.booking.TestBase.SearchResultPage.<init>(SearchResultPage.java:28)
	at com.bus.booking.TestBase.SearchResultPage.<init>(SearchResultPage.java:28)
	at com.bus.booking.TestBase.SearchResultPage.<init>(SearchResultPage.java:28)
	at com.bus.booking.TestBase.SearchResultPage.<init>(SearchResultPage.java:28)
	at com.bus.booking.TestBase.SearchResultPage.<init>(SearchResultPage.java:28)
	at com.bus.booking.TestBase.SearchResultPage.<init>(SearchResultPage.java:28)
	at com.bus.booking.TestBase.SearchResultPage.<init>(SearchResultPage.java:28)
	at com.bus.booking.TestBase.SearchResultPage.<init>(SearchResultPage.java:28)
	at com.bus.booking.TestBase.SearchResultPage.<init>(SearchResultPage.java:28)
	at com.bus.booking.TestBase.SearchResultPage.<init>(SearchResultPage.java:28)
	at com.bus.booking.TestBase.SearchResultPage.<init>(SearchResultPage.java:28)
	at com.bus.booking.TestBase.SearchResultPage.<init>(SearchResultPage.java:28)
	at com.bus.booking.TestBase.SearchResultPage.<init>(SearchResultPage.java:28)
	at com.bus.booking.TestBase.SearchResultPage.<init>(SearchResultPage.java:28)
]]>
    </error>
  </testcase> <!-- bookAticket -->
</testsuite> <!-- com.bus.booking.Tests.Test1 -->
