<?xml version="1.0" encoding="UTF-8"?>
<!-- Generated by org.testng.reporters.JUnitReportReporter -->
<testsuite skipped="0" hostname="BLRL79035" name="com.bus.booking.Tests.BookATicketWithoutPaymentInfo" tests="1" failures="0" timestamp="22 Jun 2020 12:47:01 GMT" time="12.944" errors="0">
  <testcase name="bookAticket" time="12.944" classname="com.bus.booking.Tests.BookATicketWithoutPaymentInfo"/>
</testsuite> <!-- com.bus.booking.Tests.BookATicketWithoutPaymentInfo -->
