<?xml version="1.0" encoding="UTF-8"?>
<!-- Generated by org.testng.reporters.JUnitReportReporter -->
<testsuite skipped="0" hostname="BLRL79035" name="com.bus.booking.Tests.Test1" tests="1" failures="0" timestamp="22 Jun 2020 10:18:13 GMT" time="12.188" errors="0">
  <testcase name="bookAticket" time="12.188" classname="com.bus.booking.Tests.Test1"/>
</testsuite> <!-- com.bus.booking.Tests.Test1 -->
